<?xml version="1.0" encoding="UTF-8"?>
<robot generator="Robot 5.0.1 (Python 3.10.8 on win32)" generated="20221027 14:37:33.129" rpa="false" schemaversion="3">
<suite id="s1" name="Automates" source="C:\Users\Elisée Konan\Desktop\Robot\AutomateTests\automates">
<suite id="s1-s1" name="Tests" source="C:\Users\Elisée Konan\Desktop\Robot\AutomateTests\automates\tests">
<suite id="s1-s1-s1" name="Client" source="C:\Users\Elisée Konan\Desktop\Robot\AutomateTests\automates\tests\client.robot">
<test id="s1-s1-s1-t1" name="Modification du client créé" line="117">
<kw name="Authentification" library="authentification" type="SETUP">
<arg>somei</arg>
<arg>Test123*</arg>
<doc>Cette fonction permet de se connecter à Waterp Web</doc>
<kw name="Log To Console" library="BuiltIn">
<arg>Le test a démarré</arg>
<doc>Logs the given message to the console.</doc>
<status status="PASS" starttime="20221027 14:37:33.373" endtime="20221027 14:37:33.374"/>
</kw>
<kw name="Open Browser" library="SeleniumLibrary">
<arg>https://wrp-mrc-nightly.somei.fr/</arg>
<arg>chrome</arg>
<doc>Opens a new browser instance to the optional ``url``.</doc>
<msg timestamp="20221027 14:37:33.375" level="INFO">Opening browser 'chrome' to base url 'https://wrp-mrc-nightly.somei.fr/'.</msg>
<status status="PASS" starttime="20221027 14:37:33.374" endtime="20221027 14:37:35.790"/>
</kw>
<kw name="Maximize Browser Window" library="SeleniumLibrary">
<doc>Maximizes current browser window.</doc>
<status status="PASS" starttime="20221027 14:37:35.791" endtime="20221027 14:37:35.907"/>
</kw>
<kw name="Input Text" library="SeleniumLibrary">
<arg>//input[@id="username"]</arg>
<arg>${username}</arg>
<doc>Types the given ``text`` into the text field identified by ``locator``.</doc>
<msg timestamp="20221027 14:37:35.908" level="INFO">Typing text 'somei' into text field '//input[@id="username"]'.</msg>
<status status="PASS" starttime="20221027 14:37:35.907" endtime="20221027 14:37:36.013"/>
</kw>
<kw name="Input Password" library="SeleniumLibrary">
<arg>id=password</arg>
<arg>${password}</arg>
<doc>Types the given password into the text field identified by ``locator``.</doc>
<msg timestamp="20221027 14:37:36.014" level="INFO">Typing password into text field 'id=password'.</msg>
<msg timestamp="20221027 14:37:36.059" level="INFO">Temporally setting log level to: NONE</msg>
<msg timestamp="20221027 14:37:36.116" level="INFO">Log level changed from NONE to INFO.</msg>
<status status="PASS" starttime="20221027 14:37:36.014" endtime="20221027 14:37:36.122"/>
</kw>
<kw name="Click Element" library="SeleniumLibrary">
<arg>//button[@class="waves-effect waves-light btn btn-somei ng-binding"]</arg>
<doc>Click the element identified by ``locator``.</doc>
<msg timestamp="20221027 14:37:36.123" level="INFO">Clicking element '//button[@class="waves-effect waves-light btn btn-somei ng-binding"]'.</msg>
<status status="PASS" starttime="20221027 14:37:36.122" endtime="20221027 14:37:38.566"/>
</kw>
<status status="PASS" starttime="20221027 14:37:33.372" endtime="20221027 14:37:38.566"/>
</kw>
<kw name="Recherche Rapide">
<arg>${valueRecherche}</arg>
<doc>Cette fonction sert à faire la recherche rapide</doc>
<kw name="Input Text" library="SeleniumLibrary">
<arg>//*[@id="searchfield"]</arg>
<arg>${valueRecherche}</arg>
<doc>Types the given ``text`` into the text field identified by ``locator``.</doc>
<msg timestamp="20221027 14:37:38.568" level="INFO">Typing text 'Oumar Moustapha' into text field '//*[@id="searchfield"]'.</msg>
<status status="PASS" starttime="20221027 14:37:38.568" endtime="20221027 14:37:38.672"/>
</kw>
<kw name="Click Element" library="SeleniumLibrary">
<arg>//*[@id="search"]</arg>
<doc>Click the element identified by ``locator``.</doc>
<msg timestamp="20221027 14:37:38.673" level="INFO">Clicking element '//*[@id="search"]'.</msg>
<status status="PASS" starttime="20221027 14:37:38.673" endtime="20221027 14:37:38.720"/>
</kw>
<kw name="Wait Until Page Contains Element" library="SeleniumLibrary">
<arg>//*[@id="search-results--active"]/div[2]/ul/li[2]/a</arg>
<doc>Waits until the element ``locator`` appears on the current page.</doc>
<status status="PASS" starttime="20221027 14:37:38.720" endtime="20221027 14:37:41.196"/>
</kw>
<kw name="Click Element" library="SeleniumLibrary">
<arg>//*[@id="search-results--active"]/div[2]/ul/li[2]/a</arg>
<doc>Click the element identified by ``locator``.</doc>
<msg timestamp="20221027 14:37:41.198" level="INFO">Clicking element '//*[@id="search-results--active"]/div[2]/ul/li[2]/a'.</msg>
<status status="PASS" starttime="20221027 14:37:41.197" endtime="20221027 14:37:42.794"/>
</kw>
<kw name="Element Should Contain" library="SeleniumLibrary">
<arg>//div[contains(@class, "page-title--left")]/h1</arg>
<arg>Synthèse client</arg>
<doc>Verifies that element ``locator`` contains text ``expected``.</doc>
<msg timestamp="20221027 14:37:42.821" level="INFO">Element '//div[contains(@class, "page-title--left")]/h1' contains text 'Synthèse client'.</msg>
<status status="PASS" starttime="20221027 14:37:42.796" endtime="20221027 14:37:42.823"/>
</kw>
<status status="PASS" starttime="20221027 14:37:38.567" endtime="20221027 14:37:42.823"/>
</kw>
<kw name="Click Element" library="SeleniumLibrary">
<arg>//a[contains(@class, "ng-isolate-scope")]</arg>
<doc>Click the element identified by ``locator``.</doc>
<msg timestamp="20221027 14:37:42.826" level="INFO">Clicking element '//a[contains(@class, "ng-isolate-scope")]'.</msg>
<status status="PASS" starttime="20221027 14:37:42.824" endtime="20221027 14:37:43.517"/>
</kw>
<kw name="Click Element" library="SeleniumLibrary">
<arg>//div[contains(@class, "card-actions")]/ul/li/a</arg>
<doc>Click the element identified by ``locator``.</doc>
<msg timestamp="20221027 14:37:43.518" level="INFO">Clicking element '//div[contains(@class, "card-actions")]/ul/li/a'.</msg>
<status status="PASS" starttime="20221027 14:37:43.517" endtime="20221027 14:37:43.602"/>
</kw>
<kw name="Wait Until Element Is Visible" library="SeleniumLibrary">
<arg>//li[contains(@class, "open")]/ul/li/a</arg>
<doc>Waits until the element ``locator`` is visible.</doc>
<status status="PASS" starttime="20221027 14:37:43.603" endtime="20221027 14:37:43.637"/>
</kw>
<kw name="Click Element" library="SeleniumLibrary">
<arg>//li[contains(@class, "open")]/ul/li/a</arg>
<doc>Click the element identified by ``locator``.</doc>
<msg timestamp="20221027 14:37:43.638" level="INFO">Clicking element '//li[contains(@class, "open")]/ul/li/a'.</msg>
<status status="PASS" starttime="20221027 14:37:43.638" endtime="20221027 14:37:43.770"/>
</kw>
<kw name="Click Element" library="SeleniumLibrary">
<arg>//button[@class="btn-default btn-sm m-r-10"]</arg>
<doc>Click the element identified by ``locator``.</doc>
<msg timestamp="20221027 14:37:43.772" level="INFO">Clicking element '//button[@class="btn-default btn-sm m-r-10"]'.</msg>
<status status="PASS" starttime="20221027 14:37:43.770" endtime="20221027 14:37:43.832"/>
</kw>
<tag>Création client</tag>
<status status="PASS" starttime="20221027 14:37:33.370" endtime="20221027 14:37:43.832"/>
</test>
<status status="PASS" starttime="20221027 14:37:33.166" endtime="20221027 14:37:43.834"/>
</suite>
<status status="PASS" starttime="20221027 14:37:33.163" endtime="20221027 14:37:43.838"/>
</suite>
<status status="PASS" starttime="20221027 14:37:33.133" endtime="20221027 14:37:43.844"/>
</suite>
<statistics>
<total>
<stat pass="1" fail="0" skip="0">All Tests</stat>
</total>
<tag>
<stat pass="1" fail="0" skip="0">Création client</stat>
</tag>
<suite>
<stat pass="1" fail="0" skip="0" id="s1" name="Automates">Automates</stat>
<stat pass="1" fail="0" skip="0" id="s1-s1" name="Tests">Automates.Tests</stat>
<stat pass="1" fail="0" skip="0" id="s1-s1-s1" name="Client">Automates.Tests.Client</stat>
</suite>
</statistics>
<errors>
</errors>
</robot>
